<?xml version="1.0" encoding="UTF-8" ?>
<testsuite tests="10" failures="0" name="controller.CalcTest" time="0.016" errors="0" skipped="0">
  <properties>
[...]
</properties>
  <testcase classname="controller.CalcTest" name="countLeafs" time="0"/>
  <testcase classname="controller.CalcTest" name="readFile" time="0"/>
  <testcase classname="controller.CalcTest" name="checkInput" time="0"/>
  <testcase classname="controller.CalcTest" name="checkInputFileExists" time="0"/>
  <testcase classname="controller.CalcTest" name="createNut" time="0"/>
  <testcase classname="controller.CalcTest" name="createBranch" time="0.016"/>
  <testcase classname="controller.CalcTest" name="readIds" time="0"/>
  <testcase classname="controller.CalcTest" name="countNuts" time="0"/>
  <testcase classname="controller.CalcTest" name="createEdge" time="0"/>
  <testcase classname="controller.CalcTest" name="createLeaf" time="0"/>
</testsuite>